<?xml version="1.0" encoding="UTF-8"?>
<!-- Generated by org.testng.reporters.JUnitXMLReporter -->
<testsuite ignored="2" hostname="DESKTOP-KU6DKS0" failures="0" tests="1" name="TEST_NG" time="27.516" errors="0" timestamp="2022-11-08T17:12:28 AST">
  <testcase classname="TEST_NG.Alert_Button_Test" name="alertTest" time="27.431"/>
  <testcase classname="TEST_NG.Alert_Button_Test" name="dataProviderTest" time="0.0">
    <ignored/>
  </testcase> <!-- dataProviderTest -->
  <testcase classname="TEST_NG.Alert_Button_Test" name="clickRadioButton" time="0.0">
    <ignored/>
  </testcase> <!-- clickRadioButton -->
</testsuite> <!-- TEST_NG -->
